\BOOKMARK [1][-]{section.1}{\376\377\004\022\004\062\004\065\004\064\004\065\004\075\004\070\004\065}{}% 1
\BOOKMARK [2][-]{subsection.1.1}{\376\377\004\046\004\065\004\073\004\070\000\040\004\070\000\040\004\067\004\060\004\064\004\060\004\107\004\070\000\040\004\070\004\101\004\077\004\113\004\102\004\060\004\075\004\070\004\071}{section.1}% 2
\BOOKMARK [2][-]{subsection.1.2}{\376\377\004\036\004\061\004\073\004\060\004\101\004\102\004\114\000\040\004\077\004\100\004\070\004\074\004\065\004\075\004\065\004\075\004\070\004\117}{section.1}% 3
\BOOKMARK [2][-]{subsection.1.3}{\376\377\004\035\004\076\004\100\004\074\004\060\004\102\004\070\004\062\004\075\004\113\004\065\000\040\004\101\004\101\004\113\004\073\004\072\004\070}{section.1}% 4
\BOOKMARK [2][-]{subsection.1.4}{\376\377\004\041\004\102\004\100\004\103\004\072\004\102\004\103\004\100\004\060\000\040\004\064\004\076\004\072\004\103\004\074\004\065\004\075\004\102\004\060}{section.1}% 5
\BOOKMARK [1][-]{section.2}{\376\377\004\046\004\065\004\073\004\070\000\040\004\070\000\040\004\067\004\060\004\064\004\060\004\107\004\070\000\040\004\070\004\101\004\077\004\113\004\102\004\060\004\075\004\070\004\071}{}% 6
\BOOKMARK [2][-]{subsection.2.1}{\376\377\004\046\004\065\004\073\004\070\000\040\004\070\004\101\004\077\004\113\004\102\004\060\004\075\004\070\004\071}{section.2}% 7
\BOOKMARK [2][-]{subsection.2.2}{\376\377\004\027\004\060\004\064\004\060\004\107\004\070\000\040\004\070\004\101\004\077\004\113\004\102\004\060\004\075\004\070\004\071}{section.2}% 8
\BOOKMARK [1][-]{section.3}{\376\377\004\036\004\061\004\111\004\070\004\065\000\040\004\077\004\076\004\073\004\076\004\066\004\065\004\075\004\070\004\117}{}% 9
\BOOKMARK [2][-]{subsection.3.1}{\376\377\004\036\004\101\004\075\004\076\004\062\004\075\004\113\004\065\000\040\004\077\004\076\004\075\004\117\004\102\004\070\004\117\000\040\004\070\000\040\004\076\004\077\004\100\004\065\004\064\004\065\004\073\004\065\004\075\004\070\004\117}{section.3}% 10
\BOOKMARK [2][-]{subsection.3.2}{\376\377\004\036\004\061\004\111\004\070\004\065\000\040\004\102\004\100\004\065\004\061\004\076\004\062\004\060\004\075\004\070\004\117\000\040\004\072\000\040\004\077\004\100\004\076\004\063\004\100\004\060\004\074\004\074\004\065\000\040\004\070\004\101\004\077\004\113\004\102\004\060\004\075\004\070\004\071}{section.3}% 11
\BOOKMARK [1][-]{section.4}{\376\377\004\020\004\075\004\060\004\073\004\070\004\067\000\040\004\102\004\100\004\065\004\061\004\076\004\062\004\060\004\075\004\070\004\071}{}% 12
\BOOKMARK [2][-]{subsection.4.1}{\376\377\004\042\004\100\004\065\004\061\004\076\004\062\004\060\004\075\004\070\004\117\000\040\004\072\000\040\004\104\004\103\004\075\004\072\004\106\004\070\004\076\004\075\004\060\004\073\004\114\004\075\004\076\004\101\004\102\004\070}{section.4}% 13
\BOOKMARK [2][-]{subsection.4.2}{\376\377\004\042\004\100\004\065\004\061\004\076\004\062\004\060\004\075\004\070\004\117\000\040\004\072\000\040\004\077\004\100\004\076\004\070\004\067\004\062\004\076\004\064\004\070\004\102\004\065\004\073\004\114\004\075\004\076\004\101\004\102\004\070}{section.4}% 14
\BOOKMARK [2][-]{subsection.4.3}{\376\377\004\042\004\100\004\065\004\061\004\076\004\062\004\060\004\075\004\070\004\117\000\040\004\072\000\040\004\077\004\076\004\073\004\114\004\067\004\076\004\062\004\060\004\102\004\065\004\073\004\114\004\101\004\072\004\076\004\074\004\103\000\040\004\070\004\075\004\102\004\065\004\100\004\104\004\065\004\071\004\101\004\103}{section.4}% 15
\BOOKMARK [2][-]{subsection.4.4}{\376\377\004\042\004\100\004\065\004\061\004\076\004\062\004\060\004\075\004\070\004\117\000\040\004\072\000\040\004\061\004\065\004\067\004\076\004\077\004\060\004\101\004\075\004\076\004\101\004\102\004\070}{section.4}% 16
\BOOKMARK [2][-]{subsection.4.5}{\376\377\004\042\004\100\004\065\004\061\004\076\004\062\004\060\004\075\004\070\004\117\000\040\004\072\000\040\004\101\004\076\004\062\004\074\004\065\004\101\004\102\004\070\004\074\004\076\004\101\004\102\004\070}{section.4}% 17
\BOOKMARK [1][-]{section.5}{\376\377\004\037\004\076\004\064\004\063\004\076\004\102\004\076\004\062\004\072\004\060\000\040\004\072\000\040\004\070\004\101\004\077\004\113\004\102\004\060\004\075\004\070\004\117\004\074}{}% 18
\BOOKMARK [2][-]{subsection.5.1}{\376\377\004\030\004\101\004\077\004\113\004\102\004\060\004\102\004\065\004\073\004\114\004\075\004\060\004\117\000\040\004\101\004\100\004\065\004\064\004\060}{section.5}% 19
\BOOKMARK [2][-]{subsection.5.2}{\376\377\004\041\004\100\004\065\004\064\004\101\004\102\004\062\004\060\000\040\004\070\000\040\004\070\004\075\004\101\004\102\004\100\004\103\004\074\004\065\004\075\004\102\004\113\000\040\004\070\004\101\004\077\004\113\004\102\004\060\004\075\004\070\004\071}{section.5}% 20
\BOOKMARK [2][-]{subsection.5.3}{\376\377\004\037\004\076\004\064\004\063\004\076\004\102\004\076\004\062\004\072\004\060\000\040\004\102\004\065\004\101\004\102\004\076\004\062\004\113\004\105\000\040\004\064\004\060\004\075\004\075\004\113\004\105}{section.5}% 21
\BOOKMARK [2][-]{subsection.5.4}{\376\377\004\035\004\060\004\101\004\102\004\100\004\076\004\071\004\072\004\060\000\040\004\076\004\072\004\100\004\103\004\066\004\065\004\075\004\070\004\117}{section.5}% 22
\BOOKMARK [1][-]{section.6}{\376\377\004\034\004\065\004\102\004\076\004\064\004\070\004\072\004\060\000\040\004\070\004\101\004\077\004\113\004\102\004\060\004\075\004\070\004\071}{}% 23
\BOOKMARK [2][-]{subsection.6.1}{\376\377\004\034\004\065\004\102\004\076\004\064\004\070\004\072\004\060\000\040\004\104\004\103\004\075\004\072\004\106\004\070\004\076\004\075\004\060\004\073\004\114\004\075\004\076\004\063\004\076\000\040\004\102\004\065\004\101\004\102\004\070\004\100\004\076\004\062\004\060\004\075\004\070\004\117}{section.6}% 24
\BOOKMARK [2][-]{subsection.6.2}{\376\377\004\034\004\065\004\102\004\076\004\064\004\070\004\072\004\060\000\040\004\102\004\065\004\101\004\102\004\070\004\100\004\076\004\062\004\060\004\075\004\070\004\117\000\040\004\075\004\060\000\040\004\101\004\076\004\062\004\074\004\065\004\101\004\102\004\070\004\074\004\076\004\101\004\102\004\114}{section.6}% 25
\BOOKMARK [2][-]{subsection.6.3}{\376\377\004\034\004\065\004\102\004\076\004\064\004\070\004\072\004\060\000\040\004\102\004\065\004\101\004\102\004\070\004\100\004\076\004\062\004\060\004\075\004\070\004\117\000\040\004\061\004\065\004\067\004\076\004\077\004\060\004\101\004\075\004\076\004\101\004\102\004\070}{section.6}% 26
\BOOKMARK [1][-]{section.7}{\376\377\004\037\004\073\004\060\004\075\000\040\004\070\004\101\004\077\004\113\004\102\004\060\004\075\004\070\004\071}{}% 27
\BOOKMARK [2][-]{subsection.7.1}{\376\377\004\023\004\100\004\060\004\104\004\070\004\072\000\040\004\077\004\100\004\076\004\062\004\065\004\064\004\065\004\075\004\070\004\117\000\040\004\070\004\101\004\077\004\113\004\102\004\060\004\075\004\070\004\071}{section.7}% 28
\BOOKMARK [2][-]{subsection.7.2}{\376\377\004\036\004\061\004\117\004\067\004\060\004\075\004\075\004\076\004\101\004\102\004\070\000\040\004\102\004\065\004\101\004\102\004\070\004\100\004\076\004\062\004\111\004\070\004\072\004\060}{section.7}% 29
\BOOKMARK [2][-]{subsection.7.3}{\376\377\004\032\004\100\004\070\004\102\004\065\004\100\004\070\004\070\000\040\004\075\004\060\004\107\004\060\004\073\004\060\000\040\004\070\000\040\004\067\004\060\004\062\004\065\004\100\004\110\004\065\004\075\004\070\004\117\000\040\004\070\004\101\004\077\004\113\004\102\004\060\004\075\004\070\004\071}{section.7}% 30
\BOOKMARK [2][-]{subsection.7.4}{\376\377\004\043\004\101\004\073\004\076\004\062\004\070\004\117\000\040\004\077\004\100\004\065\004\100\004\113\004\062\004\060\004\075\004\070\004\117\000\040\004\070\004\101\004\077\004\113\004\102\004\060\004\075\004\070\004\071}{section.7}% 31
\BOOKMARK [1][-]{section.8}{\376\377\004\024\004\076\004\072\004\103\004\074\004\065\004\075\004\102\004\060\004\106\004\070\004\117\000\040\004\100\004\065\004\067\004\103\004\073\004\114\004\102\004\060\004\102\004\076\004\062\000\040\004\070\004\101\004\077\004\113\004\102\004\060\004\075\004\070\004\071}{}% 32
\BOOKMARK [2][-]{subsection.8.1}{\376\377\004\044\004\076\004\100\004\074\004\060\004\102\004\113\000\040\004\076\004\102\004\107\004\121\004\102\004\076\004\062}{section.8}% 33
\BOOKMARK [2][-]{subsection.8.2}{\376\377\004\050\004\060\004\061\004\073\004\076\004\075\004\113\000\040\004\066\004\103\004\100\004\075\004\060\004\073\004\076\004\062}{section.8}% 34
\BOOKMARK [2][-]{subsection.8.3}{\376\377\004\037\004\100\004\076\004\106\004\065\004\064\004\103\004\100\004\113\000\040\004\067\004\060\004\077\004\070\004\101\004\070\000\040\004\070\000\040\004\105\004\100\004\060\004\075\004\065\004\075\004\070\004\117\000\040\004\100\004\065\004\067\004\103\004\073\004\114\004\102\004\060\004\102\004\076\004\062}{section.8}% 35
\BOOKMARK [1][-]{section.9}{\376\377\004\044\004\103\004\075\004\072\004\106\004\070\004\076\004\075\004\060\004\073\004\114\004\075\004\113\004\065\000\040\004\102\004\065\004\101\004\102\004\113}{}% 36
\BOOKMARK [2][-]{subsection.9.1}{\376\377\004\041\004\106\004\065\004\075\004\060\004\100\004\070\004\070\000\040\004\102\004\065\004\101\004\102\004\070\004\100\004\076\004\062\004\060\004\075\004\070\004\117\000\040\004\104\004\103\004\075\004\072\004\106\004\070\004\076\004\075\004\060\004\073\004\114\004\075\004\076\004\101\004\102\004\070}{section.9}% 37
\BOOKMARK [3][-]{subsubsection.9.1.1}{\376\377\004\041\004\106\004\065\004\075\004\060\004\100\004\070\004\071\000\040\0001\000:\000\040\004\041\004\076\004\067\004\064\004\060\004\075\004\070\004\065\000\040\004\075\004\076\004\062\004\076\004\063\004\076\000\040\004\077\004\100\004\076\004\065\004\072\004\102\004\060}{subsection.9.1}% 38
\BOOKMARK [3][-]{subsubsection.9.1.2}{\376\377\004\041\004\106\004\065\004\075\004\060\004\100\004\070\004\071\000\040\0002\000:\000\040\004\024\004\076\004\061\004\060\004\062\004\073\004\065\004\075\004\070\004\065\000\040\004\104\004\060\004\072\004\102\004\076\004\100\004\060}{subsection.9.1}% 39
\BOOKMARK [3][-]{subsubsection.9.1.3}{\376\377\004\041\004\106\004\065\004\075\004\060\004\100\004\070\004\071\000\040\0003\000:\000\040\004\024\004\076\004\061\004\060\004\062\004\073\004\065\004\075\004\070\004\065\000\040\004\101\004\062\004\117\004\067\004\070\000\040\004\074\004\065\004\066\004\064\004\103\000\040\004\104\004\060\004\072\004\102\004\076\004\100\004\060\004\074\004\070}{subsection.9.1}% 40
\BOOKMARK [3][-]{subsubsection.9.1.4}{\376\377\004\041\004\106\004\065\004\075\004\060\004\100\004\070\004\071\000\040\0004\000:\000\040\004\041\004\076\004\105\004\100\004\060\004\075\004\065\004\075\004\070\004\065\000\040\004\077\004\100\004\076\004\065\004\072\004\102\004\060}{subsection.9.1}% 41
\BOOKMARK [3][-]{subsubsection.9.1.5}{\376\377\004\041\004\106\004\065\004\075\004\060\004\100\004\070\004\071\000\040\0005\000:\000\040\004\030\004\074\004\077\004\076\004\100\004\102\000\040\004\077\004\100\004\076\004\065\004\072\004\102\004\060}{subsection.9.1}% 42
\BOOKMARK [3][-]{subsubsection.9.1.6}{\376\377\004\041\004\106\004\065\004\075\004\060\004\100\004\070\004\071\000\040\0006\000:\000\040\004\022\004\113\004\077\004\076\004\073\004\075\004\065\004\075\004\070\004\065\000\040\004\060\004\075\004\060\004\073\004\070\004\067\004\060\000\040\004\035\004\032\004\032}{subsection.9.1}% 43
\BOOKMARK [3][-]{subsubsection.9.1.7}{\376\377\004\041\004\106\004\065\004\075\004\060\004\100\004\070\004\071\000\040\0007\000:\000\040\004\043\004\064\004\060\004\073\004\065\004\075\004\070\004\065\000\040\004\101\004\103\004\111\004\075\004\076\004\101\004\102\004\070\000\040\000\050\004\104\004\060\004\072\004\102\004\076\004\100\004\060\000\040\004\070\004\073\004\070\000\040\004\101\004\062\004\117\004\067\004\070\000\051}{subsection.9.1}% 44
\BOOKMARK [2][-]{subsection.9.2}{\376\377\004\020\004\075\004\060\004\073\004\070\004\067\000\040\004\101\004\076\004\062\004\077\004\060\004\064\004\065\004\075\004\070\004\071\000\040\004\070\000\040\004\100\004\060\004\101\004\105\004\076\004\066\004\064\004\065\004\075\004\070\004\071}{section.9}% 45
\BOOKMARK [1][-]{section.10}{\376\377\004\042\004\065\004\101\004\102\004\113\000\040\004\075\004\060\000\040\004\101\004\076\004\062\004\074\004\065\004\101\004\102\004\070\004\074\004\076\004\101\004\102\004\114}{}% 46
\BOOKMARK [2][-]{subsection.10.1}{\376\377\004\046\004\065\004\073\004\070\000\040\004\070\000\040\004\067\004\060\004\064\004\060\004\107\004\070\000\040\004\102\004\065\004\101\004\102\004\070\004\100\004\076\004\062\004\060\004\075\004\070\004\117}{section.10}% 47
\BOOKMARK [2][-]{subsection.10.2}{\376\377\004\034\004\065\004\102\004\076\004\064\004\070\004\072\004\060\000\040\004\102\004\065\004\101\004\102\004\070\004\100\004\076\004\062\004\060\004\075\004\070\004\117}{section.10}% 48
\BOOKMARK [2][-]{subsection.10.3}{\376\377\004\040\004\065\004\067\004\103\004\073\004\114\004\102\004\060\004\102\004\113\000\040\004\102\004\065\004\101\004\102\004\070\004\100\004\076\004\062\004\060\004\075\004\070\004\117}{section.10}% 49
\BOOKMARK [2][-]{subsection.10.4}{\376\377\004\022\004\113\004\062\004\076\004\064\004\113\000\040\004\070\000\040\004\100\004\065\004\072\004\076\004\074\004\065\004\075\004\064\004\060\004\106\004\070\004\070}{section.10}% 50
\BOOKMARK [1][-]{section.11}{\376\377\004\020\004\075\004\060\004\073\004\070\004\067\000\040\004\070\000\040\004\070\004\075\004\102\004\065\004\100\004\077\004\100\004\065\004\102\004\060\004\106\004\070\004\117\000\040\004\100\004\065\004\067\004\103\004\073\004\114\004\102\004\060\004\102\004\076\004\062}{}% 51
\BOOKMARK [2][-]{subsection.11.1}{\376\377\004\040\004\065\004\067\004\103\004\073\004\114\004\102\004\060\004\102\004\113\000\040\004\104\004\103\004\075\004\072\004\106\004\070\004\076\004\075\004\060\004\073\004\114\004\075\004\076\004\063\004\076\000\040\004\102\004\065\004\101\004\102\004\070\004\100\004\076\004\062\004\060\004\075\004\070\004\117}{section.11}% 52
\BOOKMARK [2][-]{subsection.11.2}{\376\377\004\040\004\065\004\067\004\103\004\073\004\114\004\102\004\060\004\102\004\113\000\040\004\075\004\060\004\063\004\100\004\103\004\067\004\076\004\107\004\075\004\076\004\063\004\076\000\040\004\102\004\065\004\101\004\102\004\070\004\100\004\076\004\062\004\060\004\075\004\070\004\117}{section.11}% 53
\BOOKMARK [2][-]{subsection.11.3}{\376\377\004\040\004\065\004\067\004\103\004\073\004\114\004\102\004\060\004\102\004\113\000\040\004\102\004\065\004\101\004\102\004\070\004\100\004\076\004\062\004\060\004\075\004\070\004\117\000\040\004\075\004\060\000\040\004\101\004\076\004\062\004\074\004\065\004\101\004\102\004\070\004\074\004\076\004\101\004\102\004\114}{section.11}% 54
\BOOKMARK [2][-]{subsection.11.4}{\376\377\004\040\004\065\004\067\004\103\004\073\004\114\004\102\004\060\004\102\004\113\000\040\004\102\004\065\004\101\004\102\004\070\004\100\004\076\004\062\004\060\004\075\004\070\004\117\000\040\004\061\004\065\004\067\004\076\004\077\004\060\004\101\004\075\004\076\004\101\004\102\004\070}{section.11}% 55
\BOOKMARK [2][-]{subsection.11.5}{\376\377\004\027\004\060\004\072\004\073\004\116\004\107\004\065\004\075\004\070\004\065}{section.11}% 56
\BOOKMARK [3][-]{subsubsection.11.5.1}{\376\377\004\040\004\065\004\072\004\076\004\074\004\065\004\075\004\064\004\060\004\106\004\070\004\070}{subsection.11.5}% 57
\BOOKMARK [1][-]{section.12}{\376\377\004\027\004\060\004\072\004\073\004\116\004\107\004\065\004\075\004\070\004\065}{}% 58
\BOOKMARK [2][-]{subsection.12.1}{\376\377\004\036\004\101\004\075\004\076\004\062\004\075\004\113\004\065\000\040\004\062\004\113\004\062\004\076\004\064\004\113}{section.12}% 59
\BOOKMARK [2][-]{subsection.12.2}{\376\377\004\040\004\065\004\072\004\076\004\074\004\065\004\075\004\064\004\060\004\106\004\070\004\070}{section.12}% 60
\BOOKMARK [2][-]{subsection.12.3}{\376\377\004\027\004\060\004\062\004\065\004\100\004\110\004\065\004\075\004\070\004\065\000\040\004\070\004\101\004\077\004\113\004\102\004\060\004\075\004\070\004\071}{section.12}% 61
\BOOKMARK [1][-]{section.13}{\376\377\004\041\004\077\004\070\004\101\004\076\004\072\000\040\004\070\004\101\004\077\004\076\004\073\004\114\004\067\004\076\004\062\004\060\004\075\004\075\004\113\004\105\000\040\004\070\004\101\004\102\004\076\004\107\004\075\004\070\004\072\004\076\004\062}{}% 62
\BOOKMARK [1][-]{section.13}{\376\377\004\037\004\100\004\070\004\073\004\076\004\066\004\065\004\075\004\070\004\117}{}% 63
